实验开始时间: 2025-05-22 10:47:35
[2025-05-22 10:47:35] 测量 3FCR-3M 对 1a 在 pH 6.0 下的活性: 0.49 ± 0.03 U/mg
[2025-05-22 10:47:35] 测量 3FCR-3M 对 1a 在 pH 6.2 下的活性: 0.51 ± 0.01 U/mg
[2025-05-22 10:47:35] 测量 3FCR-3M 对 1a 在 pH 6.4 下的活性: 0.52 ± 0.02 U/mg
[2025-05-22 10:47:35] 测量 3FCR-3M 对 1a 在 pH 6.6000000000000005 下的活性: 0.54 ± 0.02 U/mg
[2025-05-22 10:47:35] 测量 3FCR-3M 对 1a 在 pH 6.800000000000001 下的活性: 0.50 ± 0.02 U/mg
[2025-05-22 10:47:35] 测量 3FCR-3M 对 1a 在 pH 7.000000000000001 下的活性: 0.47 ± 0.03 U/mg
[2025-05-22 10:47:35] 测量 3FCR-3M 对 1a 在 pH 7.200000000000001 下的活性: 0.48 ± 0.01 U/mg
[2025-05-22 10:47:35] 测量 3FCR-3M 对 1a 在 pH 7.400000000000001 下的活性: 0.49 ± 0.01 U/mg
[2025-05-22 10:47:35] 测量 3FCR-3M 对 1a 在 pH 7.600000000000001 下的活性: 0.52 ± 0.00 U/mg
[2025-05-22 10:47:35] 测量 3FCR-3M 对 1a 在 pH 7.800000000000002 下的活性: 0.49 ± 0.01 U/mg
[2025-05-22 10:47:35] 测量 3FCR-3M 对 1a 在 pH 8.000000000000002 下的活性: 0.51 ± 0.01 U/mg
[2025-05-22 10:47:35] 测量 3FCR-3M 对 1a 在 pH 8.200000000000003 下的活性: 0.51 ± 0.02 U/mg
[2025-05-22 10:47:35] 测量 3FCR-3M 对 1a 在 pH 8.400000000000002 下的活性: 4.74 ± 0.20 U/mg
[2025-05-22 10:47:35] 测量 3FCR-3M 对 1a 在 pH 8.600000000000001 下的活性: 8.14 ± 0.32 U/mg
[2025-05-22 10:47:35] 测量 3FCR-3M 对 1a 在 pH 8.800000000000002 下的活性: 9.06 ± 0.32 U/mg
[2025-05-22 10:47:35] 测量 3FCR-3M 对 1a 在 pH 9.000000000000004 下的活性: 9.91 ± 0.39 U/mg
[2025-05-22 10:47:35] 测量 3FCR-3M-F168Y 对 1a 在 pH 6.0 下的活性: 0.82 ± 0.00 U/mg
[2025-05-22 10:47:35] 测量 3FCR-3M-F168Y 对 1a 在 pH 6.2 下的活性: 0.75 ± 0.06 U/mg
[2025-05-22 10:47:35] 测量 3FCR-3M-F168Y 对 1a 在 pH 6.4 下的活性: 0.80 ± 0.01 U/mg
[2025-05-22 10:47:35] 测量 3FCR-3M-F168Y 对 1a 在 pH 6.6000000000000005 下的活性: 0.77 ± 0.01 U/mg
[2025-05-22 10:47:35] 测量 3FCR-3M-F168Y 对 1a 在 pH 6.800000000000001 下的活性: 0.84 ± 0.01 U/mg
[2025-05-22 10:47:35] 测量 3FCR-3M-F168Y 对 1a 在 pH 7.000000000000001 下的活性: 0.77 ± 0.05 U/mg
[2025-05-22 10:47:35] 测量 3FCR-3M-F168Y 对 1a 在 pH 7.200000000000001 下的活性: 0.77 ± 0.02 U/mg
[2025-05-22 10:47:35] 测量 3FCR-3M-F168Y 对 1a 在 pH 7.400000000000001 下的活性: 0.82 ± 0.06 U/mg
[2025-05-22 10:47:35] 测量 3FCR-3M-F168Y 对 1a 在 pH 7.600000000000001 下的活性: 0.78 ± 0.03 U/mg
[2025-05-22 10:47:35] 测量 3FCR-3M-F168Y 对 1a 在 pH 7.800000000000002 下的活性: 0.87 ± 0.02 U/mg
[2025-05-22 10:47:35] 测量 3FCR-3M-F168Y 对 1a 在 pH 8.000000000000002 下的活性: 0.81 ± 0.02 U/mg
[2025-05-22 10:47:35] 测量 3FCR-3M-F168Y 对 1a 在 pH 8.200000000000003 下的活性: 0.81 ± 0.01 U/mg
[2025-05-22 10:47:35] 测量 3FCR-3M-F168Y 对 1a 在 pH 8.400000000000002 下的活性: 7.27 ± 0.18 U/mg
[2025-05-22 10:47:35] 测量 3FCR-3M-F168Y 对 1a 在 pH 8.600000000000001 下的活性: 12.23 ± 0.56 U/mg
[2025-05-22 10:47:35] 测量 3FCR-3M-F168Y 对 1a 在 pH 8.800000000000002 下的活性: 15.03 ± 0.51 U/mg
[2025-05-22 10:47:35] 测量 3FCR-3M-F168Y 对 1a 在 pH 9.000000000000004 下的活性: 14.93 ± 0.40 U/mg
[2025-05-22 10:47:35] 测量 3FCR-3M-L58M 对 1a 在 pH 6.0 下的活性: 0.56 ± 0.02 U/mg
[2025-05-22 10:47:35] 测量 3FCR-3M-L58M 对 1a 在 pH 6.2 下的活性: 0.57 ± 0.02 U/mg
[2025-05-22 10:47:35] 测量 3FCR-3M-L58M 对 1a 在 pH 6.4 下的活性: 0.59 ± 0.02 U/mg
[2025-05-22 10:47:35] 测量 3FCR-3M-L58M 对 1a 在 pH 6.6000000000000005 下的活性: 0.58 ± 0.03 U/mg
[2025-05-22 10:47:35] 测量 3FCR-3M-L58M 对 1a 在 pH 6.800000000000001 下的活性: 0.59 ± 0.03 U/mg
[2025-05-22 10:47:36] 测量 3FCR-3M-L58M 对 1a 在 pH 7.000000000000001 下的活性: 0.61 ± 0.01 U/mg
[2025-05-22 10:47:36] 测量 3FCR-3M-L58M 对 1a 在 pH 7.200000000000001 下的活性: 0.61 ± 0.02 U/mg
[2025-05-22 10:47:36] 测量 3FCR-3M-L58M 对 1a 在 pH 7.400000000000001 下的活性: 1.80 ± 0.07 U/mg
[2025-05-22 10:47:36] 测量 3FCR-3M-L58M 对 1a 在 pH 7.600000000000001 下的活性: 5.37 ± 0.28 U/mg
[2025-05-22 10:47:36] 测量 3FCR-3M-L58M 对 1a 在 pH 7.800000000000002 下的活性: 7.81 ± 0.21 U/mg
[2025-05-22 10:47:36] 测量 3FCR-3M-L58M 对 1a 在 pH 8.000000000000002 下的活性: 9.65 ± 0.47 U/mg
[2025-05-22 10:47:36] 测量 3FCR-3M-L58M 对 1a 在 pH 8.200000000000003 下的活性: 11.20 ± 0.07 U/mg
[2025-05-22 10:47:36] 测量 3FCR-3M-L58M 对 1a 在 pH 8.400000000000002 下的活性: 11.91 ± 0.57 U/mg
[2025-05-22 10:47:36] 测量 3FCR-3M-L58M 对 1a 在 pH 8.600000000000001 下的活性: 12.70 ± 0.72 U/mg
[2025-05-22 10:47:36] 测量 3FCR-3M-L58M 对 1a 在 pH 8.800000000000002 下的活性: 11.74 ± 0.75 U/mg
[2025-05-22 10:47:36] 测量 3FCR-3M-L58M 对 1a 在 pH 9.000000000000004 下的活性: 9.86 ± 0.32 U/mg
[2025-05-22 10:47:36] 测量 3FCR-3M-F168Y-W59C 对 1a 在 pH 6.0 下的活性: 0.94 ± 0.05 U/mg
[2025-05-22 10:47:36] 测量 3FCR-3M-F168Y-W59C 对 1a 在 pH 6.2 下的活性: 0.92 ± 0.02 U/mg
[2025-05-22 10:47:36] 测量 3FCR-3M-F168Y-W59C 对 1a 在 pH 6.4 下的活性: 0.94 ± 0.02 U/mg
[2025-05-22 10:47:36] 测量 3FCR-3M-F168Y-W59C 对 1a 在 pH 6.6000000000000005 下的活性: 0.92 ± 0.02 U/mg
[2025-05-22 10:47:36] 测量 3FCR-3M-F168Y-W59C 对 1a 在 pH 6.800000000000001 下的活性: 3.18 ± 0.09 U/mg
[2025-05-22 10:47:36] 测量 3FCR-3M-F168Y-W59C 对 1a 在 pH 7.000000000000001 下的活性: 7.10 ± 0.34 U/mg
[2025-05-22 10:47:36] 测量 3FCR-3M-F168Y-W59C 对 1a 在 pH 7.200000000000001 下的活性: 10.25 ± 0.31 U/mg
[2025-05-22 10:47:36] 测量 3FCR-3M-F168Y-W59C 对 1a 在 pH 7.400000000000001 下的活性: 13.64 ± 0.65 U/mg
[2025-05-22 10:47:36] 测量 3FCR-3M-F168Y-W59C 对 1a 在 pH 7.600000000000001 下的活性: 14.68 ± 0.67 U/mg
[2025-05-22 10:47:36] 测量 3FCR-3M-F168Y-W59C 对 1a 在 pH 7.800000000000002 下的活性: 15.41 ± 0.40 U/mg
[2025-05-22 10:47:36] 测量 3FCR-3M-F168Y-W59C 对 1a 在 pH 8.000000000000002 下的活性: 16.47 ± 0.19 U/mg
[2025-05-22 10:47:36] 测量 3FCR-3M-F168Y-W59C 对 1a 在 pH 8.200000000000003 下的活性: 15.78 ± 0.45 U/mg
[2025-05-22 10:47:36] 测量 3FCR-3M-F168Y-W59C 对 1a 在 pH 8.400000000000002 下的活性: 13.48 ± 1.27 U/mg
[2025-05-22 10:47:36] 测量 3FCR-3M-F168Y-W59C 对 1a 在 pH 8.600000000000001 下的活性: 12.78 ± 0.37 U/mg
[2025-05-22 10:47:36] 测量 3FCR-3M-F168Y-W59C 对 1a 在 pH 8.800000000000002 下的活性: 10.41 ± 0.11 U/mg
[2025-05-22 10:47:36] 测量 3FCR-3M-F168Y-W59C 对 1a 在 pH 9.000000000000004 下的活性: 7.07 ± 0.12 U/mg
