实验开始时间: 2025-05-22 10:46:31
[2025-05-22 10:46:31] 测量 3FCR-3M 对 1a 在 pH 6.5 下的活性: 0.47 ± 0.00 U/mg
[2025-05-22 10:46:31] 测量 3FCR-3M 对 1a 在 pH 7.0 下的活性: 0.52 ± 0.02 U/mg
[2025-05-22 10:46:31] 测量 3FCR-3M 对 1a 在 pH 7.5 下的活性: 0.50 ± 0.03 U/mg
[2025-05-22 10:46:31] 测量 3FCR-3M 对 1a 在 pH 8.0 下的活性: 0.53 ± 0.02 U/mg
[2025-05-22 10:46:31] 测量 3FCR-3M 对 1a 在 pH 8.5 下的活性: 6.33 ± 0.29 U/mg
[2025-05-22 10:46:31] 测量 3FCR-3M 对 1a 在 pH 9.0 下的活性: 9.95 ± 0.28 U/mg
[2025-05-22 10:46:31] 测量 3FCR-3M 对 1f 在 pH 6.5 下的活性: 0.40 ± 0.01 U/mg
[2025-05-22 10:46:31] 测量 3FCR-3M 对 1f 在 pH 7.0 下的活性: 0.39 ± 0.01 U/mg
[2025-05-22 10:46:31] 测量 3FCR-3M 对 1f 在 pH 7.5 下的活性: 0.41 ± 0.02 U/mg
[2025-05-22 10:46:31] 测量 3FCR-3M 对 1f 在 pH 8.0 下的活性: 0.40 ± 0.00 U/mg
[2025-05-22 10:46:31] 测量 3FCR-3M 对 1f 在 pH 8.5 下的活性: 4.94 ± 0.14 U/mg
[2025-05-22 10:46:31] 测量 3FCR-3M 对 1f 在 pH 9.0 下的活性: 7.92 ± 0.19 U/mg
[2025-05-22 10:46:31] 测量 3FCR-3M-F168Y 对 1a 在 pH 6.5 下的活性: 0.79 ± 0.06 U/mg
[2025-05-22 10:46:31] 测量 3FCR-3M-F168Y 对 1a 在 pH 7.0 下的活性: 0.77 ± 0.03 U/mg
[2025-05-22 10:46:31] 测量 3FCR-3M-F168Y 对 1a 在 pH 7.5 下的活性: 0.77 ± 0.02 U/mg
[2025-05-22 10:46:31] 测量 3FCR-3M-F168Y 对 1a 在 pH 8.0 下的活性: 0.83 ± 0.03 U/mg
[2025-05-22 10:46:31] 测量 3FCR-3M-F168Y 对 1a 在 pH 8.5 下的活性: 10.18 ± 0.72 U/mg
[2025-05-22 10:46:31] 测量 3FCR-3M-F168Y 对 1a 在 pH 9.0 下的活性: 15.93 ± 0.88 U/mg
[2025-05-22 10:46:31] 测量 3FCR-3M-F168Y 对 1f 在 pH 6.5 下的活性: 0.64 ± 0.04 U/mg
[2025-05-22 10:46:31] 测量 3FCR-3M-F168Y 对 1f 在 pH 7.0 下的活性: 0.60 ± 0.04 U/mg
[2025-05-22 10:46:31] 测量 3FCR-3M-F168Y 对 1f 在 pH 7.5 下的活性: 0.66 ± 0.02 U/mg
[2025-05-22 10:46:31] 测量 3FCR-3M-F168Y 对 1f 在 pH 8.0 下的活性: 0.61 ± 0.02 U/mg
[2025-05-22 10:46:31] 测量 3FCR-3M-F168Y 对 1f 在 pH 8.5 下的活性: 8.20 ± 0.38 U/mg
[2025-05-22 10:46:31] 测量 3FCR-3M-F168Y 对 1f 在 pH 9.0 下的活性: 12.80 ± 0.54 U/mg
[2025-05-22 10:46:31] 测量 3FCR-3M-L58M 对 1a 在 pH 6.5 下的活性: 0.61 ± 0.04 U/mg
[2025-05-22 10:46:31] 测量 3FCR-3M-L58M 对 1a 在 pH 7.0 下的活性: 0.62 ± 0.01 U/mg
[2025-05-22 10:46:31] 测量 3FCR-3M-L58M 对 1a 在 pH 7.5 下的活性: 3.60 ± 0.11 U/mg
[2025-05-22 10:46:31] 测量 3FCR-3M-L58M 对 1a 在 pH 8.0 下的活性: 9.90 ± 0.04 U/mg
[2025-05-22 10:46:31] 测量 3FCR-3M-L58M 对 1a 在 pH 8.5 下的活性: 12.49 ± 0.49 U/mg
[2025-05-22 10:46:31] 测量 3FCR-3M-L58M 对 1a 在 pH 9.0 下的活性: 9.94 ± 0.67 U/mg
[2025-05-22 10:46:31] 测量 3FCR-3M-L58M 对 1f 在 pH 6.5 下的活性: 0.48 ± 0.02 U/mg
[2025-05-22 10:46:31] 测量 3FCR-3M-L58M 对 1f 在 pH 7.0 下的活性: 0.49 ± 0.03 U/mg
[2025-05-22 10:46:31] 测量 3FCR-3M-L58M 对 1f 在 pH 7.5 下的活性: 2.83 ± 0.15 U/mg
[2025-05-22 10:46:31] 测量 3FCR-3M-L58M 对 1f 在 pH 8.0 下的活性: 7.85 ± 0.65 U/mg
[2025-05-22 10:46:31] 测量 3FCR-3M-L58M 对 1f 在 pH 8.5 下的活性: 9.89 ± 0.35 U/mg
[2025-05-22 10:46:31] 测量 3FCR-3M-L58M 对 1f 在 pH 9.0 下的活性: 7.63 ± 0.49 U/mg
[2025-05-22 10:46:31] 测量 3FCR-3M-F168Y-W59C 对 1a 在 pH 6.5 下的活性: 0.90 ± 0.00 U/mg
[2025-05-22 10:46:31] 测量 3FCR-3M-F168Y-W59C 对 1a 在 pH 7.0 下的活性: 7.39 ± 0.08 U/mg
[2025-05-22 10:46:31] 测量 3FCR-3M-F168Y-W59C 对 1a 在 pH 7.5 下的活性: 13.83 ± 0.41 U/mg
[2025-05-22 10:46:31] 测量 3FCR-3M-F168Y-W59C 对 1a 在 pH 8.0 下的活性: 16.36 ± 0.60 U/mg
[2025-05-22 10:46:31] 测量 3FCR-3M-F168Y-W59C 对 1a 在 pH 8.5 下的活性: 13.87 ± 0.31 U/mg
[2025-05-22 10:46:31] 测量 3FCR-3M-F168Y-W59C 对 1a 在 pH 9.0 下的活性: 7.00 ± 0.41 U/mg
[2025-05-22 10:46:31] 测量 3FCR-3M-F168Y-W59C 对 1f 在 pH 6.5 下的活性: 0.73 ± 0.02 U/mg
[2025-05-22 10:46:31] 测量 3FCR-3M-F168Y-W59C 对 1f 在 pH 7.0 下的活性: 5.81 ± 0.55 U/mg
[2025-05-22 10:46:31] 测量 3FCR-3M-F168Y-W59C 对 1f 在 pH 7.5 下的活性: 11.06 ± 1.10 U/mg
[2025-05-22 10:46:31] 测量 3FCR-3M-F168Y-W59C 对 1f 在 pH 8.0 下的活性: 12.87 ± 0.58 U/mg
[2025-05-22 10:46:31] 测量 3FCR-3M-F168Y-W59C 对 1f 在 pH 8.5 下的活性: 10.74 ± 0.41 U/mg
[2025-05-22 10:46:31] 测量 3FCR-3M-F168Y-W59C 对 1f 在 pH 9.0 下的活性: 5.68 ± 0.24 U/mg
