实验开始时间: 2025-05-22 10:47:15
[2025-05-22 10:47:15] 测量 3FCR-3M 对 1a 在 pH 6.0 下的活性: 0.51 ± 0.02 U/mg
[2025-05-22 10:47:15] 测量 3FCR-3M 对 1a 在 pH 6.2 下的活性: 0.51 ± 0.03 U/mg
[2025-05-22 10:47:15] 测量 3FCR-3M 对 1a 在 pH 6.4 下的活性: 0.52 ± 0.03 U/mg
[2025-05-22 10:47:15] 测量 3FCR-3M 对 1a 在 pH 6.6000000000000005 下的活性: 0.52 ± 0.04 U/mg
[2025-05-22 10:47:15] 测量 3FCR-3M 对 1a 在 pH 6.800000000000001 下的活性: 0.49 ± 0.03 U/mg
[2025-05-22 10:47:15] 测量 3FCR-3M 对 1a 在 pH 7.000000000000001 下的活性: 0.48 ± 0.00 U/mg
[2025-05-22 10:47:15] 测量 3FCR-3M 对 1a 在 pH 7.200000000000001 下的活性: 0.53 ± 0.02 U/mg
[2025-05-22 10:47:15] 测量 3FCR-3M 对 1a 在 pH 7.400000000000001 下的活性: 0.49 ± 0.00 U/mg
[2025-05-22 10:47:15] 测量 3FCR-3M 对 1a 在 pH 7.600000000000001 下的活性: 0.52 ± 0.03 U/mg
[2025-05-22 10:47:15] 测量 3FCR-3M 对 1a 在 pH 7.800000000000002 下的活性: 0.51 ± 0.02 U/mg
[2025-05-22 10:47:15] 测量 3FCR-3M 对 1a 在 pH 8.000000000000002 下的活性: 0.50 ± 0.01 U/mg
[2025-05-22 10:47:15] 测量 3FCR-3M 对 1a 在 pH 8.200000000000003 下的活性: 0.51 ± 0.02 U/mg
[2025-05-22 10:47:15] 测量 3FCR-3M 对 1a 在 pH 8.400000000000002 下的活性: 4.58 ± 0.04 U/mg
[2025-05-22 10:47:15] 测量 3FCR-3M 对 1a 在 pH 8.600000000000001 下的活性: 7.69 ± 0.19 U/mg
[2025-05-22 10:47:15] 测量 3FCR-3M 对 1a 在 pH 8.800000000000002 下的活性: 9.71 ± 0.35 U/mg
[2025-05-22 10:47:15] 测量 3FCR-3M 对 1a 在 pH 9.000000000000004 下的活性: 10.00 ± 0.37 U/mg
[2025-05-22 10:47:15] 测量 3FCR-3M 对 1a 在 pH 9.200000000000003 下的活性: 9.30 ± 0.14 U/mg
[2025-05-22 10:47:15] 测量 3FCR-3M 对 1a 在 pH 9.400000000000002 下的活性: 7.56 ± 0.26 U/mg
[2025-05-22 10:47:15] 测量 3FCR-3M-F168Y 对 1a 在 pH 6.0 下的活性: 0.83 ± 0.02 U/mg
[2025-05-22 10:47:15] 测量 3FCR-3M-F168Y 对 1a 在 pH 6.2 下的活性: 0.79 ± 0.03 U/mg
[2025-05-22 10:47:15] 测量 3FCR-3M-F168Y 对 1a 在 pH 6.4 下的活性: 0.81 ± 0.00 U/mg
[2025-05-22 10:47:15] 测量 3FCR-3M-F168Y 对 1a 在 pH 6.6000000000000005 下的活性: 0.79 ± 0.04 U/mg
[2025-05-22 10:47:15] 测量 3FCR-3M-F168Y 对 1a 在 pH 6.800000000000001 下的活性: 0.79 ± 0.01 U/mg
[2025-05-22 10:47:15] 测量 3FCR-3M-F168Y 对 1a 在 pH 7.000000000000001 下的活性: 0.82 ± 0.03 U/mg
[2025-05-22 10:47:15] 测量 3FCR-3M-F168Y 对 1a 在 pH 7.200000000000001 下的活性: 0.78 ± 0.06 U/mg
[2025-05-22 10:47:15] 测量 3FCR-3M-F168Y 对 1a 在 pH 7.400000000000001 下的活性: 0.81 ± 0.04 U/mg
[2025-05-22 10:47:15] 测量 3FCR-3M-F168Y 对 1a 在 pH 7.600000000000001 下的活性: 0.78 ± 0.03 U/mg
[2025-05-22 10:47:15] 测量 3FCR-3M-F168Y 对 1a 在 pH 7.800000000000002 下的活性: 0.81 ± 0.03 U/mg
[2025-05-22 10:47:15] 测量 3FCR-3M-F168Y 对 1a 在 pH 8.000000000000002 下的活性: 0.79 ± 0.03 U/mg
[2025-05-22 10:47:15] 测量 3FCR-3M-F168Y 对 1a 在 pH 8.200000000000003 下的活性: 0.81 ± 0.01 U/mg
[2025-05-22 10:47:15] 测量 3FCR-3M-F168Y 对 1a 在 pH 8.400000000000002 下的活性: 7.31 ± 0.34 U/mg
[2025-05-22 10:47:15] 测量 3FCR-3M-F168Y 对 1a 在 pH 8.600000000000001 下的活性: 12.49 ± 0.37 U/mg
[2025-05-22 10:47:15] 测量 3FCR-3M-F168Y 对 1a 在 pH 8.800000000000002 下的活性: 15.28 ± 0.98 U/mg
[2025-05-22 10:47:15] 测量 3FCR-3M-F168Y 对 1a 在 pH 9.000000000000004 下的活性: 16.23 ± 0.74 U/mg
[2025-05-22 10:47:15] 测量 3FCR-3M-F168Y 对 1a 在 pH 9.200000000000003 下的活性: 14.32 ± 0.47 U/mg
[2025-05-22 10:47:15] 测量 3FCR-3M-F168Y 对 1a 在 pH 9.400000000000002 下的活性: 12.01 ± 0.46 U/mg
[2025-05-22 10:47:15] 测量 3FCR-3M-L58M 对 1a 在 pH 6.0 下的活性: 0.61 ± 0.02 U/mg
[2025-05-22 10:47:15] 测量 3FCR-3M-L58M 对 1a 在 pH 6.2 下的活性: 0.63 ± 0.03 U/mg
[2025-05-22 10:47:15] 测量 3FCR-3M-L58M 对 1a 在 pH 6.4 下的活性: 0.59 ± 0.02 U/mg
[2025-05-22 10:47:15] 测量 3FCR-3M-L58M 对 1a 在 pH 6.6000000000000005 下的活性: 0.60 ± 0.02 U/mg
[2025-05-22 10:47:15] 测量 3FCR-3M-L58M 对 1a 在 pH 6.800000000000001 下的活性: 0.62 ± 0.01 U/mg
[2025-05-22 10:47:15] 测量 3FCR-3M-L58M 对 1a 在 pH 7.000000000000001 下的活性: 0.59 ± 0.02 U/mg
[2025-05-22 10:47:15] 测量 3FCR-3M-L58M 对 1a 在 pH 7.200000000000001 下的活性: 0.61 ± 0.02 U/mg
[2025-05-22 10:47:15] 测量 3FCR-3M-L58M 对 1a 在 pH 7.400000000000001 下的活性: 1.84 ± 0.10 U/mg
[2025-05-22 10:47:15] 测量 3FCR-3M-L58M 对 1a 在 pH 7.600000000000001 下的活性: 5.17 ± 0.29 U/mg
[2025-05-22 10:47:15] 测量 3FCR-3M-L58M 对 1a 在 pH 7.800000000000002 下的活性: 8.03 ± 0.46 U/mg
[2025-05-22 10:47:15] 测量 3FCR-3M-L58M 对 1a 在 pH 8.000000000000002 下的活性: 9.68 ± 0.71 U/mg
[2025-05-22 10:47:15] 测量 3FCR-3M-L58M 对 1a 在 pH 8.200000000000003 下的活性: 11.00 ± 0.73 U/mg
[2025-05-22 10:47:15] 测量 3FCR-3M-L58M 对 1a 在 pH 8.400000000000002 下的活性: 11.68 ± 0.24 U/mg
[2025-05-22 10:47:15] 测量 3FCR-3M-L58M 对 1a 在 pH 8.600000000000001 下的活性: 11.57 ± 0.79 U/mg
[2025-05-22 10:47:15] 测量 3FCR-3M-L58M 对 1a 在 pH 8.800000000000002 下的活性: 11.20 ± 0.31 U/mg
[2025-05-22 10:47:15] 测量 3FCR-3M-L58M 对 1a 在 pH 9.000000000000004 下的活性: 10.06 ± 0.84 U/mg
[2025-05-22 10:47:15] 测量 3FCR-3M-L58M 对 1a 在 pH 9.200000000000003 下的活性: 8.04 ± 0.30 U/mg
[2025-05-22 10:47:15] 测量 3FCR-3M-L58M 对 1a 在 pH 9.400000000000002 下的活性: 5.03 ± 0.20 U/mg
[2025-05-22 10:47:15] 测量 3FCR-3M-F168Y-W59C 对 1a 在 pH 6.0 下的活性: 0.88 ± 0.04 U/mg
[2025-05-22 10:47:15] 测量 3FCR-3M-F168Y-W59C 对 1a 在 pH 6.2 下的活性: 0.89 ± 0.03 U/mg
[2025-05-22 10:47:15] 测量 3FCR-3M-F168Y-W59C 对 1a 在 pH 6.4 下的活性: 0.90 ± 0.03 U/mg
[2025-05-22 10:47:15] 测量 3FCR-3M-F168Y-W59C 对 1a 在 pH 6.6000000000000005 下的活性: 0.89 ± 0.03 U/mg
[2025-05-22 10:47:15] 测量 3FCR-3M-F168Y-W59C 对 1a 在 pH 6.800000000000001 下的活性: 3.37 ± 0.08 U/mg
[2025-05-22 10:47:15] 测量 3FCR-3M-F168Y-W59C 对 1a 在 pH 7.000000000000001 下的活性: 7.18 ± 0.32 U/mg
[2025-05-22 10:47:15] 测量 3FCR-3M-F168Y-W59C 对 1a 在 pH 7.200000000000001 下的活性: 10.41 ± 0.20 U/mg
[2025-05-22 10:47:15] 测量 3FCR-3M-F168Y-W59C 对 1a 在 pH 7.400000000000001 下的活性: 13.01 ± 0.28 U/mg
[2025-05-22 10:47:15] 测量 3FCR-3M-F168Y-W59C 对 1a 在 pH 7.600000000000001 下的活性: 15.23 ± 1.08 U/mg
[2025-05-22 10:47:15] 测量 3FCR-3M-F168Y-W59C 对 1a 在 pH 7.800000000000002 下的活性: 16.36 ± 0.21 U/mg
[2025-05-22 10:47:15] 测量 3FCR-3M-F168Y-W59C 对 1a 在 pH 8.000000000000002 下的活性: 16.32 ± 0.84 U/mg
[2025-05-22 10:47:15] 测量 3FCR-3M-F168Y-W59C 对 1a 在 pH 8.200000000000003 下的活性: 15.82 ± 0.25 U/mg
[2025-05-22 10:47:15] 测量 3FCR-3M-F168Y-W59C 对 1a 在 pH 8.400000000000002 下的活性: 14.80 ± 0.57 U/mg
[2025-05-22 10:47:15] 测量 3FCR-3M-F168Y-W59C 对 1a 在 pH 8.600000000000001 下的活性: 13.13 ± 0.70 U/mg
[2025-05-22 10:47:15] 测量 3FCR-3M-F168Y-W59C 对 1a 在 pH 8.800000000000002 下的活性: 10.39 ± 0.38 U/mg
[2025-05-22 10:47:15] 测量 3FCR-3M-F168Y-W59C 对 1a 在 pH 9.000000000000004 下的活性: 6.99 ± 0.28 U/mg
[2025-05-22 10:47:15] 测量 3FCR-3M-F168Y-W59C 对 1a 在 pH 9.200000000000003 下的活性: 3.03 ± 0.06 U/mg
[2025-05-22 10:47:15] 测量 3FCR-3M-F168Y-W59C 对 1a 在 pH 9.400000000000002 下的活性: 0.91 ± 0.05 U/mg
