实验开始时间: 2025-05-22 08:45:30
[2025-05-22 08:45:30] 测量 3FCR-3M 对 1a 在 pH 6.5 下的活性: 0.51 ± 0.02 U/mg
[2025-05-22 08:45:30] 测量 3FCR-3M 对 1a 在 pH 7.0 下的活性: 0.48 ± 0.01 U/mg
[2025-05-22 08:45:30] 测量 3FCR-3M 对 1a 在 pH 7.5 下的活性: 0.50 ± 0.00 U/mg
[2025-05-22 08:45:30] 测量 3FCR-3M 对 1a 在 pH 8.0 下的活性: 0.53 ± 0.01 U/mg
[2025-05-22 08:45:30] 测量 3FCR-3M 对 1a 在 pH 8.5 下的活性: 6.27 ± 0.10 U/mg
[2025-05-22 08:45:30] 测量 3FCR-3M 对 1a 在 pH 9.0 下的活性: 10.18 ± 0.75 U/mg
[2025-05-22 08:45:30] 测量 3FCR-3M-F168Y 对 1a 在 pH 6.5 下的活性: 0.79 ± 0.02 U/mg
[2025-05-22 08:45:30] 测量 3FCR-3M-F168Y 对 1a 在 pH 7.0 下的活性: 0.83 ± 0.06 U/mg
[2025-05-22 08:45:30] 测量 3FCR-3M-F168Y 对 1a 在 pH 7.5 下的活性: 0.82 ± 0.04 U/mg
[2025-05-22 08:45:30] 测量 3FCR-3M-F168Y 对 1a 在 pH 8.0 下的活性: 0.78 ± 0.05 U/mg
[2025-05-22 08:45:30] 测量 3FCR-3M-F168Y 对 1a 在 pH 8.5 下的活性: 10.08 ± 0.51 U/mg
[2025-05-22 08:45:30] 测量 3FCR-3M-F168Y 对 1a 在 pH 9.0 下的活性: 16.22 ± 0.62 U/mg
[2025-05-22 08:45:30] 测量 3FCR-3M-L58M 对 1a 在 pH 6.5 下的活性: 0.61 ± 0.02 U/mg
[2025-05-22 08:45:30] 测量 3FCR-3M-L58M 对 1a 在 pH 7.0 下的活性: 0.60 ± 0.03 U/mg
[2025-05-22 08:45:30] 测量 3FCR-3M-L58M 对 1a 在 pH 7.5 下的活性: 3.50 ± 0.22 U/mg
[2025-05-22 08:45:30] 测量 3FCR-3M-L58M 对 1a 在 pH 8.0 下的活性: 10.41 ± 0.27 U/mg
[2025-05-22 08:45:30] 测量 3FCR-3M-L58M 对 1a 在 pH 8.5 下的活性: 12.20 ± 0.30 U/mg
[2025-05-22 08:45:30] 测量 3FCR-3M-L58M 对 1a 在 pH 9.0 下的活性: 10.03 ± 0.38 U/mg
[2025-05-22 08:45:30] 测量 3FCR-3M-W59C 对 1a 在 pH 6.5 下的活性: 0.55 ± 0.05 U/mg
[2025-05-22 08:45:30] 测量 3FCR-3M-W59C 对 1a 在 pH 7.0 下的活性: 4.58 ± 0.06 U/mg
[2025-05-22 08:45:30] 测量 3FCR-3M-W59C 对 1a 在 pH 7.5 下的活性: 8.25 ± 0.26 U/mg
[2025-05-22 08:45:30] 测量 3FCR-3M-W59C 对 1a 在 pH 8.0 下的活性: 9.80 ± 0.20 U/mg
[2025-05-22 08:45:30] 测量 3FCR-3M-W59C 对 1a 在 pH 8.5 下的活性: 8.43 ± 0.06 U/mg
[2025-05-22 08:45:30] 测量 3FCR-3M-W59C 对 1a 在 pH 9.0 下的活性: 4.25 ± 0.29 U/mg
